# Logfile created on 2015-05-05 17:08:22 +0530 by logger.rb/31641
localhost - - [05/May/2015:17:08:23 IST] "GET / HTTP/1.1" 200 76652 "-" "Mozilla/5.0 (X11; Ubuntu; Linux x86_64; rv:36.0) Gecko/20100101 Firefox/36.0"
localhost - - [05/May/2015:17:08:24 IST] "GET /static/gitweb.css HTTP/1.1" 200 10586 "http://127.0.0.1:1234/" "Mozilla/5.0 (X11; Ubuntu; Linux x86_64; rv:36.0) Gecko/20100101 Firefox/36.0"
localhost - - [05/May/2015:17:08:24 IST] "GET /static/gitweb.js HTTP/1.1" 200 48814 "http://127.0.0.1:1234/" "Mozilla/5.0 (X11; Ubuntu; Linux x86_64; rv:36.0) Gecko/20100101 Firefox/36.0"
localhost - - [05/May/2015:17:08:24 IST] "GET /static/git-logo.png HTTP/1.1" 200 207 "http://127.0.0.1:1234/" "Mozilla/5.0 (X11; Ubuntu; Linux x86_64; rv:36.0) Gecko/20100101 Firefox/36.0"
localhost - - [05/May/2015:17:08:25 IST] "GET /static/git-favicon.png HTTP/1.1" 200 115 "-" "Mozilla/5.0 (X11; Ubuntu; Linux x86_64; rv:36.0) Gecko/20100101 Firefox/36.0"
localhost - - [05/May/2015:17:32:21 IST] "GET /?p=.git;a=summary HTTP/1.1" 200 17476 "http://127.0.0.1:1234/" "Mozilla/5.0 (X11; Ubuntu; Linux x86_64; rv:36.0) Gecko/20100101 Firefox/36.0"
localhost - - [05/May/2015:17:32:25 IST] "GET /favicon.ico HTTP/1.1" 404 281 "-" "Mozilla/5.0 (X11; Ubuntu; Linux x86_64; rv:36.0) Gecko/20100101 Firefox/36.0"
localhost - - [05/May/2015:17:32:35 IST] "GET / HTTP/1.1" 200 78293 "-" "Mozilla/5.0 (X11; Ubuntu; Linux x86_64; rv:36.0) Gecko/20100101 Firefox/36.0"
localhost - - [05/May/2015:17:32:36 IST] "GET /static/gitweb.css HTTP/1.1" 200 10586 "http://tharun-zu374:1234/" "Mozilla/5.0 (X11; Ubuntu; Linux x86_64; rv:36.0) Gecko/20100101 Firefox/36.0"
localhost - - [05/May/2015:17:32:36 IST] "GET /static/git-logo.png HTTP/1.1" 200 207 "http://tharun-zu374:1234/" "Mozilla/5.0 (X11; Ubuntu; Linux x86_64; rv:36.0) Gecko/20100101 Firefox/36.0"
localhost - - [05/May/2015:17:32:36 IST] "GET /static/gitweb.js HTTP/1.1" 200 48814 "http://tharun-zu374:1234/" "Mozilla/5.0 (X11; Ubuntu; Linux x86_64; rv:36.0) Gecko/20100101 Firefox/36.0"
localhost - - [05/May/2015:17:32:36 IST] "GET /static/git-favicon.png HTTP/1.1" 200 115 "-" "Mozilla/5.0 (X11; Ubuntu; Linux x86_64; rv:36.0) Gecko/20100101 Firefox/36.0"
localhost - - [05/May/2015:17:33:21 IST] "GET /?p=libgit2/tests/resources/diff_format_email/.gitted;a=tree HTTP/1.1" 200 7299 "http://tharun-zu374:1234/" "Mozilla/5.0 (X11; Ubuntu; Linux x86_64; rv:36.0) Gecko/20100101 Firefox/36.0"
localhost - - [05/May/2015:17:33:23 IST] "GET /?p=libgit2/tests/resources/diff_format_email/.gitted;a=history;f=file1.txt.renamed;h=a97157a0d0571698728b6f2f7675b456c98c5961;hb=HEAD HTTP/1.1" 200 7553 "http://tharun-zu374:1234/?p=libgit2/tests/resources/diff_format_email/.gitted;a=tree" "Mozilla/5.0 (X11; Ubuntu; Linux x86_64; rv:36.0) Gecko/20100101 Firefox/36.0"
localhost - - [05/May/2015:17:33:26 IST] "GET /?p=libgit2/tests/resources/diff_format_email/.gitted;a=summary HTTP/1.1" 200 16695 "http://tharun-zu374:1234/?p=libgit2/tests/resources/diff_format_email/.gitted;a=history;f=file1.txt.renamed;h=a97157a0d0571698728b6f2f7675b456c98c5961;hb=HEAD" "Mozilla/5.0 (X11; Ubuntu; Linux x86_64; rv:36.0) Gecko/20100101 Firefox/36.0"
localhost - - [05/May/2015:17:33:37 IST] "GET /favicon.ico HTTP/1.1" 404 284 "-" "Mozilla/5.0 (X11; Ubuntu; Linux x86_64; rv:36.0) Gecko/20100101 Firefox/36.0"
localhost - - [05/May/2015:17:34:40 IST] "GET / HTTP/1.1" 200 78294 "-" "Mozilla/5.0 (X11; Ubuntu; Linux x86_64; rv:36.0) Gecko/20100101 Firefox/36.0"
localhost - - [05/May/2015:17:34:41 IST] "GET /static/gitweb.css HTTP/1.1" 304 0 "http://tharun-zu374:1234/" "Mozilla/5.0 (X11; Ubuntu; Linux x86_64; rv:36.0) Gecko/20100101 Firefox/36.0"
localhost - - [05/May/2015:17:34:41 IST] "GET /static/gitweb.js HTTP/1.1" 304 0 "http://tharun-zu374:1234/" "Mozilla/5.0 (X11; Ubuntu; Linux x86_64; rv:36.0) Gecko/20100101 Firefox/36.0"
localhost - - [05/May/2015:17:34:41 IST] "GET /static/git-logo.png HTTP/1.1" 304 0 "http://tharun-zu374:1234/" "Mozilla/5.0 (X11; Ubuntu; Linux x86_64; rv:36.0) Gecko/20100101 Firefox/36.0"
